build/app/intermediates/manifest_merge_blame_file/release/manifest-merger-blame-release-report.txt
1<?xml version="1.0" encoding="utf-8"?>
2<manifest xmlns:android="http://schemas.android.com/apk/res/android"
3    package="com.example.au2rides_mobile_enduser"
4    android:versionCode="1"
5    android:versionName="1.0.0" >
6
7    <uses-sdk
8        android:minSdkVersion="20"
8-->src\main\AndroidManifest.xml
9        android:targetSdkVersion="33" />
9-->src\main\AndroidManifest.xml
10
11    <uses-permission android:name="android.permission.INTERNET" />
11-->[:firebase_messaging] AndroidManifest.xml:9:5-67
11-->[:firebase_messaging] AndroidManifest.xml:9:22-64
12    <uses-permission android:name="android.permission.WAKE_LOCK" />
12-->[:firebase_messaging] AndroidManifest.xml:10:5-68
12-->[:firebase_messaging] AndroidManifest.xml:10:22-65
13    <uses-permission android:name="android.permission.ACCESS_NETWORK_STATE" /> <!-- Permissions options for the `notification` group -->
13-->[:firebase_messaging] AndroidManifest.xml:11:5-79
13-->[:firebase_messaging] AndroidManifest.xml:11:22-76
14    <uses-permission android:name="android.permission.POST_NOTIFICATIONS" />
14-->[:firebase_messaging] AndroidManifest.xml:13:5-77
14-->[:firebase_messaging] AndroidManifest.xml:13:22-74
15    <uses-permission android:name="android.permission.READ_EXTERNAL_STORAGE" />
15-->[:file_picker] AndroidManifest.xml:9:5-80
15-->[:file_picker] AndroidManifest.xml:9:22-77
16
17    <queries>
17-->[:file_picker] AndroidManifest.xml:11:5-17:15
18        <intent>
18-->[:file_picker] AndroidManifest.xml:12:9-16:18
19            <action android:name="android.intent.action.GET_CONTENT" />
19-->[:file_picker] AndroidManifest.xml:13:13-72
19-->[:file_picker] AndroidManifest.xml:13:21-69
20
21            <data android:mimeType="*/*" />
21-->[:file_picker] AndroidManifest.xml:15:13-44
21-->[:file_picker] AndroidManifest.xml:15:19-41
22        </intent>
23    </queries>
24
25    <uses-permission android:name="android.permission.RECEIVE_BOOT_COMPLETED" />
25-->[:flutter_local_notifications] AndroidManifest.xml:9:5-81
25-->[:flutter_local_notifications] AndroidManifest.xml:9:22-78
26    <uses-permission android:name="android.permission.VIBRATE" />
26-->[:flutter_local_notifications] AndroidManifest.xml:10:5-66
26-->[:flutter_local_notifications] AndroidManifest.xml:10:22-63
27    <uses-permission android:name="android.permission.USE_FULL_SCREEN_INTENT" /> <!-- Required by older versions of Google Play services to create IID tokens -->
27-->[:flutter_local_notifications] AndroidManifest.xml:11:5-81
27-->[:flutter_local_notifications] AndroidManifest.xml:11:22-78
28    <uses-permission android:name="com.google.android.c2dm.permission.RECEIVE" />
28-->[com.google.firebase:firebase-messaging:23.2.0] AndroidManifest.xml:28:5-82
28-->[com.google.firebase:firebase-messaging:23.2.0] AndroidManifest.xml:28:22-79
29
30    <permission
30-->[androidx.core:core:1.10.1] AndroidManifest.xml:22:5-24:47
31        android:name="com.example.au2rides_mobile_enduser.DYNAMIC_RECEIVER_NOT_EXPORTED_PERMISSION"
31-->[androidx.core:core:1.10.1] AndroidManifest.xml:23:9-81
32        android:protectionLevel="signature" />
32-->[androidx.core:core:1.10.1] AndroidManifest.xml:24:9-44
33
34    <uses-permission android:name="com.example.au2rides_mobile_enduser.DYNAMIC_RECEIVER_NOT_EXPORTED_PERMISSION" />
34-->[androidx.core:core:1.10.1] AndroidManifest.xml:26:5-97
34-->[androidx.core:core:1.10.1] AndroidManifest.xml:26:22-94
35    <uses-permission android:name="android.permission.CAMERA" /> <!-- Don't require camera, as this requires a rear camera. This allows it to work on the Nexus 7 -->
35-->[com.journeyapps:zxing-android-embedded:4.3.0] AndroidManifest.xml:22:5-65
35-->[com.journeyapps:zxing-android-embedded:4.3.0] AndroidManifest.xml:22:22-62
36    <uses-feature
36-->[com.journeyapps:zxing-android-embedded:4.3.0] AndroidManifest.xml:25:5-27:36
37        android:name="android.hardware.camera"
37-->[com.journeyapps:zxing-android-embedded:4.3.0] AndroidManifest.xml:26:9-47
38        android:required="false" />
38-->[com.journeyapps:zxing-android-embedded:4.3.0] AndroidManifest.xml:27:9-33
39    <uses-feature
39-->[com.journeyapps:zxing-android-embedded:4.3.0] AndroidManifest.xml:28:5-30:36
40        android:name="android.hardware.camera.front"
40-->[com.journeyapps:zxing-android-embedded:4.3.0] AndroidManifest.xml:29:9-53
41        android:required="false" /> <!-- TODO replace above two with next line after Android 4.2 -->
41-->[com.journeyapps:zxing-android-embedded:4.3.0] AndroidManifest.xml:30:9-33
42    <!-- <uses-feature android:name="android.hardware.camera.any"/> -->
43    <uses-feature
43-->[com.journeyapps:zxing-android-embedded:4.3.0] AndroidManifest.xml:33:5-35:36
44        android:name="android.hardware.camera.autofocus"
44-->[com.journeyapps:zxing-android-embedded:4.3.0] AndroidManifest.xml:34:9-57
45        android:required="false" />
45-->[com.journeyapps:zxing-android-embedded:4.3.0] AndroidManifest.xml:35:9-33
46    <uses-feature
46-->[com.journeyapps:zxing-android-embedded:4.3.0] AndroidManifest.xml:36:5-38:36
47        android:name="android.hardware.camera.flash"
47-->[com.journeyapps:zxing-android-embedded:4.3.0] AndroidManifest.xml:37:9-53
48        android:required="false" />
48-->[com.journeyapps:zxing-android-embedded:4.3.0] AndroidManifest.xml:38:9-33
49    <uses-feature
49-->[com.journeyapps:zxing-android-embedded:4.3.0] AndroidManifest.xml:39:5-41:36
50        android:name="android.hardware.screen.landscape"
50-->[com.journeyapps:zxing-android-embedded:4.3.0] AndroidManifest.xml:40:9-57
51        android:required="false" />
51-->[com.journeyapps:zxing-android-embedded:4.3.0] AndroidManifest.xml:41:9-33
52    <uses-feature
52-->[com.journeyapps:zxing-android-embedded:4.3.0] AndroidManifest.xml:42:5-44:36
53        android:name="android.hardware.wifi"
53-->[com.journeyapps:zxing-android-embedded:4.3.0] AndroidManifest.xml:43:9-45
54        android:required="false" />
54-->[com.journeyapps:zxing-android-embedded:4.3.0] AndroidManifest.xml:44:9-33
55
56    <application
57        android:name="io.flutter.app.FlutterMultiDexApplication"
57-->src\main\AndroidManifest.xml:6:9-42
58        android:appComponentFactory="androidx.core.app.CoreComponentFactory"
58-->[androidx.core:core:1.10.1] AndroidManifest.xml:28:18-86
59        android:icon="@mipmap/ic_launcher"
59-->src\main\AndroidManifest.xml:7:9-43
60        android:label="au2rides_mobile_enduser"
60-->src\main\AndroidManifest.xml:5:9-48
61        android:requestLegacyExternalStorage="true" >
61-->src\main\AndroidManifest.xml:4:9-52
62        <activity
62-->src\main\AndroidManifest.xml:8:9-28:20
63            android:name="com.example.au2rides_mobile_enduser.MainActivity"
63-->src\main\AndroidManifest.xml:9:13-41
64            android:configChanges="orientation|keyboardHidden|keyboard|screenSize|smallestScreenSize|locale|layoutDirection|fontScale|screenLayout|density|uiMode"
64-->src\main\AndroidManifest.xml:13:13-163
65            android:exported="true"
65-->src\main\AndroidManifest.xml:10:13-36
66            android:hardwareAccelerated="true"
66-->src\main\AndroidManifest.xml:14:13-47
67            android:launchMode="singleTop"
67-->src\main\AndroidManifest.xml:11:13-43
68            android:theme="@style/LaunchTheme"
68-->src\main\AndroidManifest.xml:12:13-47
69            android:windowSoftInputMode="adjustResize" >
69-->src\main\AndroidManifest.xml:15:13-55
70
71            <!--
72                 Specifies an Android theme to apply to this Activity as soon as
73                 the Android process has started. This theme is visible to the user
74                 while the Flutter UI initializes. After that, this theme continues
75                 to determine the Window background behind the Flutter UI.
76            -->
77            <meta-data
77-->src\main\AndroidManifest.xml:20:13-23:17
78                android:name="io.flutter.embedding.android.NormalTheme"
78-->src\main\AndroidManifest.xml:21:15-70
79                android:resource="@style/NormalTheme" />
79-->src\main\AndroidManifest.xml:22:15-52
80
81            <intent-filter>
81-->src\main\AndroidManifest.xml:24:13-27:29
82                <action android:name="android.intent.action.MAIN" />
82-->src\main\AndroidManifest.xml:25:17-68
82-->src\main\AndroidManifest.xml:25:25-66
83
84                <category android:name="android.intent.category.LAUNCHER" />
84-->src\main\AndroidManifest.xml:26:17-76
84-->src\main\AndroidManifest.xml:26:27-74
85            </intent-filter>
86        </activity>
87        <!--
88             Don't delete the meta-data below.
89             This is used by the Flutter tool to generate GeneratedPluginRegistrant.java
90        -->
91        <meta-data
91-->src\main\AndroidManifest.xml:31:9-33:33
92            android:name="flutterEmbedding"
92-->src\main\AndroidManifest.xml:32:13-44
93            android:value="2" />
93-->src\main\AndroidManifest.xml:33:13-30
94
95        <receiver
95-->src\main\AndroidManifest.xml:34:9-37:20
96            android:name="com.dexterous.flutterlocalnotifications.ScheduledNotificationBootReceiver"
96-->src\main\AndroidManifest.xml:34:19-107
97            android:exported="false" >
97-->src\main\AndroidManifest.xml:35:13-37
98            <intent-filter>
98-->[:flutter_local_notifications] AndroidManifest.xml:16:13-21:29
99                <action android:name="android.intent.action.BOOT_COMPLETED" />
99-->[:flutter_local_notifications] AndroidManifest.xml:17:17-79
99-->[:flutter_local_notifications] AndroidManifest.xml:17:25-76
100                <action android:name="android.intent.action.MY_PACKAGE_REPLACED" />
100-->[:flutter_local_notifications] AndroidManifest.xml:18:17-84
100-->[:flutter_local_notifications] AndroidManifest.xml:18:25-81
101                <action android:name="android.intent.action.QUICKBOOT_POWERON" />
101-->[:flutter_local_notifications] AndroidManifest.xml:19:17-82
101-->[:flutter_local_notifications] AndroidManifest.xml:19:25-79
102                <action android:name="com.htc.intent.action.QUICKBOOT_POWERON" />
102-->[:flutter_local_notifications] AndroidManifest.xml:20:17-82
102-->[:flutter_local_notifications] AndroidManifest.xml:20:25-79
103            </intent-filter>
104        </receiver>
105
106        <service
106-->[:firebase_auth] AndroidManifest.xml:10:9-14:19
107            android:name="com.google.firebase.components.ComponentDiscoveryService"
107-->[:firebase_auth] AndroidManifest.xml:10:18-89
108            android:directBootAware="true"
108-->[com.google.firebase:firebase-common:20.3.3] AndroidManifest.xml:34:13-43
109            android:exported="false" >
109-->[com.google.firebase:firebase-auth:22.1.0] AndroidManifest.xml:68:13-37
110            <meta-data
110-->[:firebase_auth] AndroidManifest.xml:11:13-13:85
111                android:name="com.google.firebase.components:io.flutter.plugins.firebase.auth.FlutterFirebaseAuthRegistrar"
111-->[:firebase_auth] AndroidManifest.xml:12:17-124
112                android:value="com.google.firebase.components.ComponentRegistrar" />
112-->[:firebase_auth] AndroidManifest.xml:13:17-82
113            <meta-data
113-->[:firebase_messaging] AndroidManifest.xml:38:13-40:85
114                android:name="com.google.firebase.components:io.flutter.plugins.firebase.messaging.FlutterFirebaseAppRegistrar"
114-->[:firebase_messaging] AndroidManifest.xml:39:17-128
115                android:value="com.google.firebase.components.ComponentRegistrar" />
115-->[:firebase_messaging] AndroidManifest.xml:40:17-82
116            <meta-data
116-->[:firebase_core] AndroidManifest.xml:11:13-13:85
117                android:name="com.google.firebase.components:io.flutter.plugins.firebase.core.FlutterFirebaseCoreRegistrar"
117-->[:firebase_core] AndroidManifest.xml:12:17-124
118                android:value="com.google.firebase.components.ComponentRegistrar" />
118-->[:firebase_core] AndroidManifest.xml:13:17-82
119            <meta-data
119-->[com.google.firebase:firebase-auth:22.1.0] AndroidManifest.xml:69:13-71:85
120                android:name="com.google.firebase.components:com.google.firebase.auth.FirebaseAuthRegistrar"
120-->[com.google.firebase:firebase-auth:22.1.0] AndroidManifest.xml:70:17-109
121                android:value="com.google.firebase.components.ComponentRegistrar" />
121-->[com.google.firebase:firebase-auth:22.1.0] AndroidManifest.xml:71:17-82
122            <meta-data
122-->[com.google.firebase:firebase-messaging:23.2.0] AndroidManifest.xml:55:13-57:85
123                android:name="com.google.firebase.components:com.google.firebase.messaging.FirebaseMessagingRegistrar"
123-->[com.google.firebase:firebase-messaging:23.2.0] AndroidManifest.xml:56:17-119
124                android:value="com.google.firebase.components.ComponentRegistrar" />
124-->[com.google.firebase:firebase-messaging:23.2.0] AndroidManifest.xml:57:17-82
125            <meta-data
125-->[com.google.firebase:firebase-iid:21.1.0] AndroidManifest.xml:32:13-34:85
126                android:name="com.google.firebase.components:com.google.firebase.iid.Registrar"
126-->[com.google.firebase:firebase-iid:21.1.0] AndroidManifest.xml:33:17-96
127                android:value="com.google.firebase.components.ComponentRegistrar" />
127-->[com.google.firebase:firebase-iid:21.1.0] AndroidManifest.xml:34:17-82
128            <meta-data
128-->[com.google.firebase:firebase-installations:17.1.3] AndroidManifest.xml:17:13-19:85
129                android:name="com.google.firebase.components:com.google.firebase.installations.FirebaseInstallationsRegistrar"
129-->[com.google.firebase:firebase-installations:17.1.3] AndroidManifest.xml:18:17-127
130                android:value="com.google.firebase.components.ComponentRegistrar" />
130-->[com.google.firebase:firebase-installations:17.1.3] AndroidManifest.xml:19:17-82
131            <meta-data
131-->[com.google.firebase:firebase-datatransport:18.1.7] AndroidManifest.xml:27:13-29:85
132                android:name="com.google.firebase.components:com.google.firebase.datatransport.TransportRegistrar"
132-->[com.google.firebase:firebase-datatransport:18.1.7] AndroidManifest.xml:28:17-115
133                android:value="com.google.firebase.components.ComponentRegistrar" />
133-->[com.google.firebase:firebase-datatransport:18.1.7] AndroidManifest.xml:29:17-82
134        </service>
135        <service
135-->[:firebase_messaging] AndroidManifest.xml:16:9-19:72
136            android:name="io.flutter.plugins.firebase.messaging.FlutterFirebaseMessagingBackgroundService"
136-->[:firebase_messaging] AndroidManifest.xml:17:13-107
137            android:exported="false"
137-->[:firebase_messaging] AndroidManifest.xml:18:13-37
138            android:permission="android.permission.BIND_JOB_SERVICE" />
138-->[:firebase_messaging] AndroidManifest.xml:19:13-69
139        <service
139-->[:firebase_messaging] AndroidManifest.xml:20:9-26:19
140            android:name="io.flutter.plugins.firebase.messaging.FlutterFirebaseMessagingService"
140-->[:firebase_messaging] AndroidManifest.xml:21:13-97
141            android:exported="false" >
141-->[:firebase_messaging] AndroidManifest.xml:22:13-37
142            <intent-filter>
142-->[:firebase_messaging] AndroidManifest.xml:23:13-25:29
143                <action android:name="com.google.firebase.MESSAGING_EVENT" />
143-->[:firebase_messaging] AndroidManifest.xml:24:17-78
143-->[:firebase_messaging] AndroidManifest.xml:24:25-75
144            </intent-filter>
145        </service>
146
147        <receiver
147-->[:firebase_messaging] AndroidManifest.xml:28:9-35:20
148            android:name="io.flutter.plugins.firebase.messaging.FlutterFirebaseMessagingReceiver"
148-->[:firebase_messaging] AndroidManifest.xml:29:13-98
149            android:exported="true"
149-->[:firebase_messaging] AndroidManifest.xml:30:13-36
150            android:permission="com.google.android.c2dm.permission.SEND" >
150-->[:firebase_messaging] AndroidManifest.xml:31:13-73
151            <intent-filter>
151-->[:firebase_messaging] AndroidManifest.xml:32:13-34:29
152                <action android:name="com.google.android.c2dm.intent.RECEIVE" />
152-->[:firebase_messaging] AndroidManifest.xml:33:17-81
152-->[:firebase_messaging] AndroidManifest.xml:33:25-78
153            </intent-filter>
154        </receiver>
155
156        <provider
156-->[:firebase_messaging] AndroidManifest.xml:43:9-47:38
157            android:name="io.flutter.plugins.firebase.messaging.FlutterFirebaseMessagingInitProvider"
157-->[:firebase_messaging] AndroidManifest.xml:44:13-102
158            android:authorities="com.example.au2rides_mobile_enduser.flutterfirebasemessaginginitprovider"
158-->[:firebase_messaging] AndroidManifest.xml:45:13-88
159            android:exported="false"
159-->[:firebase_messaging] AndroidManifest.xml:46:13-37
160            android:initOrder="99" />
160-->[:firebase_messaging] AndroidManifest.xml:47:13-35
161
162        <service
162-->[:geolocator_android] AndroidManifest.xml:10:9-14:56
163            android:name="com.baseflow.geolocator.GeolocatorLocationService"
163-->[:geolocator_android] AndroidManifest.xml:11:13-77
164            android:enabled="true"
164-->[:geolocator_android] AndroidManifest.xml:12:13-35
165            android:exported="false"
165-->[:geolocator_android] AndroidManifest.xml:13:13-37
166            android:foregroundServiceType="location" />
166-->[:geolocator_android] AndroidManifest.xml:14:13-53
167
168        <provider
168-->[:image_picker_android] AndroidManifest.xml:10:9-18:20
169            android:name="io.flutter.plugins.imagepicker.ImagePickerFileProvider"
169-->[:image_picker_android] AndroidManifest.xml:11:13-82
170            android:authorities="com.example.au2rides_mobile_enduser.flutter.image_provider"
170-->[:image_picker_android] AndroidManifest.xml:12:13-74
171            android:exported="false"
171-->[:image_picker_android] AndroidManifest.xml:13:13-37
172            android:grantUriPermissions="true" >
172-->[:image_picker_android] AndroidManifest.xml:14:13-47
173            <meta-data
173-->[:image_picker_android] AndroidManifest.xml:15:13-17:75
174                android:name="android.support.FILE_PROVIDER_PATHS"
174-->[:image_picker_android] AndroidManifest.xml:16:17-67
175                android:resource="@xml/flutter_image_picker_file_paths" />
175-->[:image_picker_android] AndroidManifest.xml:17:17-72
176        </provider>
177
178        <receiver android:name="com.dexterous.flutterlocalnotifications.ScheduledNotificationReceiver" />
178-->[:flutter_local_notifications] AndroidManifest.xml:14:9-106
178-->[:flutter_local_notifications] AndroidManifest.xml:14:19-103
179
180        <activity
180-->[com.google.firebase:firebase-auth:22.1.0] AndroidManifest.xml:29:9-46:20
181            android:name="com.google.firebase.auth.internal.GenericIdpActivity"
181-->[com.google.firebase:firebase-auth:22.1.0] AndroidManifest.xml:30:13-80
182            android:excludeFromRecents="true"
182-->[com.google.firebase:firebase-auth:22.1.0] AndroidManifest.xml:31:13-46
183            android:exported="true"
183-->[com.google.firebase:firebase-auth:22.1.0] AndroidManifest.xml:32:13-36
184            android:launchMode="singleTask"
184-->[com.google.firebase:firebase-auth:22.1.0] AndroidManifest.xml:33:13-44
185            android:theme="@android:style/Theme.Translucent.NoTitleBar" >
185-->[com.google.firebase:firebase-auth:22.1.0] AndroidManifest.xml:34:13-72
186            <intent-filter>
186-->[com.google.firebase:firebase-auth:22.1.0] AndroidManifest.xml:35:13-45:29
187                <action android:name="android.intent.action.VIEW" />
187-->[com.google.firebase:firebase-auth:22.1.0] AndroidManifest.xml:36:17-69
187-->[com.google.firebase:firebase-auth:22.1.0] AndroidManifest.xml:36:25-66
188
189                <category android:name="android.intent.category.DEFAULT" />
189-->[com.google.firebase:firebase-auth:22.1.0] AndroidManifest.xml:38:17-76
189-->[com.google.firebase:firebase-auth:22.1.0] AndroidManifest.xml:38:27-73
190                <category android:name="android.intent.category.BROWSABLE" />
190-->[com.google.firebase:firebase-auth:22.1.0] AndroidManifest.xml:39:17-78
190-->[com.google.firebase:firebase-auth:22.1.0] AndroidManifest.xml:39:27-75
191
192                <data
192-->[:file_picker] AndroidManifest.xml:15:13-44
193                    android:host="firebase.auth"
194                    android:path="/"
195                    android:scheme="genericidp" />
196            </intent-filter>
197        </activity>
198        <activity
198-->[com.google.firebase:firebase-auth:22.1.0] AndroidManifest.xml:47:9-64:20
199            android:name="com.google.firebase.auth.internal.RecaptchaActivity"
199-->[com.google.firebase:firebase-auth:22.1.0] AndroidManifest.xml:48:13-79
200            android:excludeFromRecents="true"
200-->[com.google.firebase:firebase-auth:22.1.0] AndroidManifest.xml:49:13-46
201            android:exported="true"
201-->[com.google.firebase:firebase-auth:22.1.0] AndroidManifest.xml:50:13-36
202            android:launchMode="singleTask"
202-->[com.google.firebase:firebase-auth:22.1.0] AndroidManifest.xml:51:13-44
203            android:theme="@android:style/Theme.Translucent.NoTitleBar" >
203-->[com.google.firebase:firebase-auth:22.1.0] AndroidManifest.xml:52:13-72
204            <intent-filter>
204-->[com.google.firebase:firebase-auth:22.1.0] AndroidManifest.xml:53:13-63:29
205                <action android:name="android.intent.action.VIEW" />
205-->[com.google.firebase:firebase-auth:22.1.0] AndroidManifest.xml:36:17-69
205-->[com.google.firebase:firebase-auth:22.1.0] AndroidManifest.xml:36:25-66
206
207                <category android:name="android.intent.category.DEFAULT" />
207-->[com.google.firebase:firebase-auth:22.1.0] AndroidManifest.xml:38:17-76
207-->[com.google.firebase:firebase-auth:22.1.0] AndroidManifest.xml:38:27-73
208                <category android:name="android.intent.category.BROWSABLE" />
208-->[com.google.firebase:firebase-auth:22.1.0] AndroidManifest.xml:39:17-78
208-->[com.google.firebase:firebase-auth:22.1.0] AndroidManifest.xml:39:27-75
209
210                <data
210-->[:file_picker] AndroidManifest.xml:15:13-44
211                    android:host="firebase.auth"
212                    android:path="/"
213                    android:scheme="recaptcha" />
214            </intent-filter>
215        </activity>
216
217        <receiver
217-->[com.google.firebase:firebase-messaging:23.2.0] AndroidManifest.xml:31:9-38:20
218            android:name="com.google.firebase.iid.FirebaseInstanceIdReceiver"
218-->[com.google.firebase:firebase-messaging:23.2.0] AndroidManifest.xml:32:13-78
219            android:exported="true"
219-->[com.google.firebase:firebase-messaging:23.2.0] AndroidManifest.xml:33:13-36
220            android:permission="com.google.android.c2dm.permission.SEND" >
220-->[com.google.firebase:firebase-messaging:23.2.0] AndroidManifest.xml:34:13-73
221            <intent-filter>
221-->[:firebase_messaging] AndroidManifest.xml:32:13-34:29
222                <action android:name="com.google.android.c2dm.intent.RECEIVE" />
222-->[:firebase_messaging] AndroidManifest.xml:33:17-81
222-->[:firebase_messaging] AndroidManifest.xml:33:25-78
223            </intent-filter>
224        </receiver>
225        <!--
226             FirebaseMessagingService performs security checks at runtime,
227             but set to not exported to explicitly avoid allowing another app to call it.
228        -->
229        <service
229-->[com.google.firebase:firebase-messaging:23.2.0] AndroidManifest.xml:44:9-51:19
230            android:name="com.google.firebase.messaging.FirebaseMessagingService"
230-->[com.google.firebase:firebase-messaging:23.2.0] AndroidManifest.xml:45:13-82
231            android:directBootAware="true"
231-->[com.google.firebase:firebase-messaging:23.2.0] AndroidManifest.xml:46:13-43
232            android:exported="false" >
232-->[com.google.firebase:firebase-messaging:23.2.0] AndroidManifest.xml:47:13-37
233            <intent-filter android:priority="-500" >
233-->[:firebase_messaging] AndroidManifest.xml:23:13-25:29
234                <action android:name="com.google.firebase.MESSAGING_EVENT" />
234-->[:firebase_messaging] AndroidManifest.xml:24:17-78
234-->[:firebase_messaging] AndroidManifest.xml:24:25-75
235            </intent-filter>
236        </service>
237
238        <activity
238-->[com.google.android.gms:play-services-base:18.1.0] AndroidManifest.xml:20:9-22:45
239            android:name="com.google.android.gms.common.api.GoogleApiActivity"
239-->[com.google.android.gms:play-services-base:18.1.0] AndroidManifest.xml:20:19-85
240            android:exported="false"
240-->[com.google.android.gms:play-services-base:18.1.0] AndroidManifest.xml:22:19-43
241            android:theme="@android:style/Theme.Translucent.NoTitleBar" />
241-->[com.google.android.gms:play-services-base:18.1.0] AndroidManifest.xml:21:19-78
242
243        <provider
243-->[com.google.firebase:firebase-common:20.3.3] AndroidManifest.xml:25:9-30:39
244            android:name="com.google.firebase.provider.FirebaseInitProvider"
244-->[com.google.firebase:firebase-common:20.3.3] AndroidManifest.xml:26:13-77
245            android:authorities="com.example.au2rides_mobile_enduser.firebaseinitprovider"
245-->[com.google.firebase:firebase-common:20.3.3] AndroidManifest.xml:27:13-72
246            android:directBootAware="true"
246-->[com.google.firebase:firebase-common:20.3.3] AndroidManifest.xml:28:13-43
247            android:exported="false"
247-->[com.google.firebase:firebase-common:20.3.3] AndroidManifest.xml:29:13-37
248            android:initOrder="100" />
248-->[com.google.firebase:firebase-common:20.3.3] AndroidManifest.xml:30:13-36
249
250        <meta-data
250-->[com.google.android.gms:play-services-basement:18.1.0] AndroidManifest.xml:21:9-23:69
251            android:name="com.google.android.gms.version"
251-->[com.google.android.gms:play-services-basement:18.1.0] AndroidManifest.xml:22:13-58
252            android:value="@integer/google_play_services_version" />
252-->[com.google.android.gms:play-services-basement:18.1.0] AndroidManifest.xml:23:13-66
253
254        <provider
254-->[androidx.emoji2:emoji2:1.0.0] AndroidManifest.xml:26:9-34:20
255            android:name="androidx.startup.InitializationProvider"
255-->[androidx.emoji2:emoji2:1.0.0] AndroidManifest.xml:27:13-67
256            android:authorities="com.example.au2rides_mobile_enduser.androidx-startup"
256-->[androidx.emoji2:emoji2:1.0.0] AndroidManifest.xml:28:13-68
257            android:exported="false" >
257-->[androidx.emoji2:emoji2:1.0.0] AndroidManifest.xml:29:13-37
258            <meta-data
258-->[androidx.emoji2:emoji2:1.0.0] AndroidManifest.xml:31:13-33:52
259                android:name="androidx.emoji2.text.EmojiCompatInitializer"
259-->[androidx.emoji2:emoji2:1.0.0] AndroidManifest.xml:32:17-75
260                android:value="androidx.startup" />
260-->[androidx.emoji2:emoji2:1.0.0] AndroidManifest.xml:33:17-49
261            <meta-data
261-->[androidx.lifecycle:lifecycle-process:2.6.1] AndroidManifest.xml:29:13-31:52
262                android:name="androidx.lifecycle.ProcessLifecycleInitializer"
262-->[androidx.lifecycle:lifecycle-process:2.6.1] AndroidManifest.xml:30:17-78
263                android:value="androidx.startup" />
263-->[androidx.lifecycle:lifecycle-process:2.6.1] AndroidManifest.xml:31:17-49
264            <meta-data
264-->[androidx.profileinstaller:profileinstaller:1.3.0] AndroidManifest.xml:29:13-31:52
265                android:name="androidx.profileinstaller.ProfileInstallerInitializer"
265-->[androidx.profileinstaller:profileinstaller:1.3.0] AndroidManifest.xml:30:17-85
266                android:value="androidx.startup" />
266-->[androidx.profileinstaller:profileinstaller:1.3.0] AndroidManifest.xml:31:17-49
267        </provider>
268
269        <uses-library
269-->[androidx.window:window:1.0.0-beta04] AndroidManifest.xml:25:9-27:40
270            android:name="androidx.window.extensions"
270-->[androidx.window:window:1.0.0-beta04] AndroidManifest.xml:26:13-54
271            android:required="false" />
271-->[androidx.window:window:1.0.0-beta04] AndroidManifest.xml:27:13-37
272        <uses-library
272-->[androidx.window:window:1.0.0-beta04] AndroidManifest.xml:28:9-30:40
273            android:name="androidx.window.sidecar"
273-->[androidx.window:window:1.0.0-beta04] AndroidManifest.xml:29:13-51
274            android:required="false" />
274-->[androidx.window:window:1.0.0-beta04] AndroidManifest.xml:30:13-37
275
276        <receiver
276-->[androidx.profileinstaller:profileinstaller:1.3.0] AndroidManifest.xml:34:9-52:20
277            android:name="androidx.profileinstaller.ProfileInstallReceiver"
277-->[androidx.profileinstaller:profileinstaller:1.3.0] AndroidManifest.xml:35:13-76
278            android:directBootAware="false"
278-->[androidx.profileinstaller:profileinstaller:1.3.0] AndroidManifest.xml:36:13-44
279            android:enabled="true"
279-->[androidx.profileinstaller:profileinstaller:1.3.0] AndroidManifest.xml:37:13-35
280            android:exported="true"
280-->[androidx.profileinstaller:profileinstaller:1.3.0] AndroidManifest.xml:38:13-36
281            android:permission="android.permission.DUMP" >
281-->[androidx.profileinstaller:profileinstaller:1.3.0] AndroidManifest.xml:39:13-57
282            <intent-filter>
282-->[androidx.profileinstaller:profileinstaller:1.3.0] AndroidManifest.xml:40:13-42:29
283                <action android:name="androidx.profileinstaller.action.INSTALL_PROFILE" />
283-->[androidx.profileinstaller:profileinstaller:1.3.0] AndroidManifest.xml:41:17-91
283-->[androidx.profileinstaller:profileinstaller:1.3.0] AndroidManifest.xml:41:25-88
284            </intent-filter>
285            <intent-filter>
285-->[androidx.profileinstaller:profileinstaller:1.3.0] AndroidManifest.xml:43:13-45:29